{"/home/victoralomia/Documentos/Curso-react-udemy/Product management/Server/src/router.ts": {"path":"/home/victoralomia/Documentos/Curso-react-udemy/Product management/Server/src/router.ts","statementMap":{"0":{"start":{"line":1,"column":0},"end":{"line":1,"column":33}},"1":{"start":{"line":2,"column":0},"end":{"line":2,"column":null}},"2":{"start":{"line":10,"column":0},"end":{"line":10,"column":62}},"3":{"start":{"line":11,"column":15},"end":{"line":11,"column":23}},"4":{"start":{"line":14,"column":0},"end":{"line":14,"column":29}},"5":{"start":{"line":15,"column":0},"end":{"line":15,"column":47}},"6":{"start":{"line":16,"column":0},"end":{"line":16,"column":64}},"7":{"start":{"line":17,"column":0},"end":{"line":17,"column":52}},"8":{"start":{"line":18,"column":0},"end":{"line":18,"column":48}},"9":{"start":{"line":19,"column":0},"end":{"line":19,"column":50}},"10":{"start":{"line":21,"column":0},"end":{"line":21,"column":22}}},"fnMap":{},"branchMap":{},"s":{"0":2,"1":2,"2":2,"3":2,"4":2,"5":2,"6":2,"7":2,"8":2,"9":2,"10":2},"f":{},"b":{}}
,"/home/victoralomia/Documentos/Curso-react-udemy/Product management/Server/src/server.ts": {"path":"/home/victoralomia/Documentos/Curso-react-udemy/Product management/Server/src/server.ts","statementMap":{"0":{"start":{"line":6,"column":0},"end":{"line":6,"column":7}},"1":{"start":{"line":1,"column":0},"end":{"line":1,"column":30}},"2":{"start":{"line":2,"column":0},"end":{"line":2,"column":30}},"3":{"start":{"line":3,"column":0},"end":{"line":3,"column":36}},"4":{"start":{"line":7,"column":1},"end":{"line":12,"column":2}},"5":{"start":{"line":8,"column":2},"end":{"line":8,"column":26}},"6":{"start":{"line":9,"column":2},"end":{"line":9,"column":18}},"7":{"start":{"line":11,"column":2},"end":{"line":11,"column":null}},"8":{"start":{"line":15,"column":0},"end":{"line":15,"column":15}},"9":{"start":{"line":16,"column":15},"end":{"line":16,"column":24}},"10":{"start":{"line":18,"column":0},"end":{"line":18,"column":null}},"11":{"start":{"line":19,"column":0},"end":{"line":19,"column":35}},"12":{"start":{"line":21,"column":0},"end":{"line":23,"column":null}},"13":{"start":{"line":22,"column":0},"end":{"line":22,"column":null}},"14":{"start":{"line":25,"column":0},"end":{"line":25,"column":22}}},"fnMap":{"0":{"name":"connectionDB","decl":{"start":{"line":6,"column":22},"end":{"line":6,"column":34}},"loc":{"start":{"line":6,"column":34},"end":{"line":13,"column":1}}},"1":{"name":"(anonymous_2)","decl":{"start":{"line":21,"column":18},"end":{"line":21,"column":19}},"loc":{"start":{"line":21,"column":29},"end":{"line":23,"column":1}}}},"branchMap":{},"s":{"0":2,"1":2,"2":2,"3":2,"4":3,"5":3,"6":2,"7":1,"8":2,"9":2,"10":2,"11":2,"12":2,"13":1,"14":2},"f":{"0":3,"1":1},"b":{}}
,"/home/victoralomia/Documentos/Curso-react-udemy/Product management/Server/src/config/settingDB.ts": {"path":"/home/victoralomia/Documentos/Curso-react-udemy/Product management/Server/src/config/settingDB.ts","statementMap":{"0":{"start":{"line":1,"column":0},"end":{"line":1,"column":49}},"1":{"start":{"line":2,"column":0},"end":{"line":2,"column":27}},"2":{"start":{"line":3,"column":1},"end":{"line":3,"column":null}},"3":{"start":{"line":4,"column":11},"end":{"line":13,"column":null}},"4":{"start":{"line":15,"column":0},"end":{"line":15,"column":null}}},"fnMap":{},"branchMap":{},"s":{"0":2,"1":2,"2":2,"3":2,"4":2},"f":{},"b":{}}
,"/home/victoralomia/Documentos/Curso-react-udemy/Product management/Server/src/handlers/product.ts": {"path":"/home/victoralomia/Documentos/Curso-react-udemy/Product management/Server/src/handlers/product.ts","statementMap":{"0":{"start":{"line":2,"column":0},"end":{"line":2,"column":47}},"1":{"start":{"line":5,"column":20},"end":{"line":16,"column":1}},"2":{"start":{"line":6,"column":2},"end":{"line":15,"column":3}},"3":{"start":{"line":7,"column":20},"end":{"line":10,"column":6}},"4":{"start":{"line":12,"column":4},"end":{"line":12,"column":44}},"5":{"start":{"line":14,"column":4},"end":{"line":14,"column":25}},"6":{"start":{"line":105,"column":2},"end":{"line":105,"column":13}},"7":{"start":{"line":18,"column":23},"end":{"line":33,"column":1}},"8":{"start":{"line":19,"column":17},"end":{"line":19,"column":27}},"9":{"start":{"line":20,"column":20},"end":{"line":20,"column":22}},"10":{"start":{"line":21,"column":2},"end":{"line":32,"column":3}},"11":{"start":{"line":22,"column":20},"end":{"line":24,"column":6}},"12":{"start":{"line":25,"column":4},"end":{"line":28,"column":5}},"13":{"start":{"line":26,"column":6},"end":{"line":26,"column":59}},"14":{"start":{"line":27,"column":6},"end":{"line":27,"column":13}},"15":{"start":{"line":29,"column":4},"end":{"line":29,"column":44}},"16":{"start":{"line":31,"column":4},"end":{"line":31,"column":25}},"17":{"start":{"line":106,"column":2},"end":{"line":106,"column":16}},"18":{"start":{"line":35,"column":22},"end":{"line":50,"column":1}},"19":{"start":{"line":36,"column":17},"end":{"line":36,"column":27}},"20":{"start":{"line":37,"column":20},"end":{"line":37,"column":22}},"21":{"start":{"line":38,"column":18},"end":{"line":40,"column":4}},"22":{"start":{"line":42,"column":2},"end":{"line":45,"column":3}},"23":{"start":{"line":43,"column":4},"end":{"line":43,"column":57}},"24":{"start":{"line":44,"column":4},"end":{"line":44,"column":11}},"25":{"start":{"line":47,"column":24},"end":{"line":47,"column":54}},"26":{"start":{"line":48,"column":2},"end":{"line":48,"column":23}},"27":{"start":{"line":49,"column":2},"end":{"line":49,"column":48}},"28":{"start":{"line":107,"column":2},"end":{"line":107,"column":15}},"29":{"start":{"line":51,"column":21},"end":{"line":60,"column":1}},"30":{"start":{"line":52,"column":2},"end":{"line":59,"column":3}},"31":{"start":{"line":54,"column":5},"end":{"line":54,"column":36}},"32":{"start":{"line":55,"column":4},"end":{"line":55,"column":81}},"33":{"start":{"line":57,"column":4},"end":{"line":57,"column":60}},"34":{"start":{"line":58,"column":4},"end":{"line":58,"column":83}},"35":{"start":{"line":104,"column":2},"end":{"line":104,"column":14}},"36":{"start":{"line":62,"column":27},"end":{"line":85,"column":1}},"37":{"start":{"line":66,"column":17},"end":{"line":66,"column":27}},"38":{"start":{"line":67,"column":20},"end":{"line":67,"column":22}},"39":{"start":{"line":69,"column":2},"end":{"line":84,"column":3}},"40":{"start":{"line":70,"column":20},"end":{"line":72,"column":6}},"41":{"start":{"line":74,"column":4},"end":{"line":77,"column":5}},"42":{"start":{"line":75,"column":6},"end":{"line":75,"column":59}},"43":{"start":{"line":76,"column":6},"end":{"line":76,"column":13}},"44":{"start":{"line":79,"column":4},"end":{"line":79,"column":60}},"45":{"start":{"line":80,"column":4},"end":{"line":80,"column":25}},"46":{"start":{"line":81,"column":4},"end":{"line":81,"column":44}},"47":{"start":{"line":83,"column":4},"end":{"line":83,"column":25}},"48":{"start":{"line":108,"column":2},"end":{"line":108,"column":20}},"49":{"start":{"line":87,"column":22},"end":{"line":102,"column":1}},"50":{"start":{"line":88,"column":17},"end":{"line":88,"column":27}},"51":{"start":{"line":89,"column":20},"end":{"line":89,"column":22}},"52":{"start":{"line":90,"column":2},"end":{"line":101,"column":3}},"53":{"start":{"line":91,"column":26},"end":{"line":91,"column":59}},"54":{"start":{"line":92,"column":4},"end":{"line":95,"column":5}},"55":{"start":{"line":93,"column":8},"end":{"line":93,"column":null}},"56":{"start":{"line":94,"column":8},"end":{"line":94,"column":14}},"57":{"start":{"line":97,"column":4},"end":{"line":97,"column":null}},"58":{"start":{"line":98,"column":4},"end":{"line":98,"column":null}},"59":{"start":{"line":100,"column":4},"end":{"line":100,"column":null}},"60":{"start":{"line":109,"column":2},"end":{"line":109,"column":15}}},"fnMap":{"0":{"name":"(anonymous_1)","decl":{"start":{"line":5,"column":20},"end":{"line":5,"column":25}},"loc":{"start":{"line":5,"column":73},"end":{"line":16,"column":1}}},"1":{"name":"(anonymous_2)","decl":{"start":{"line":18,"column":23},"end":{"line":18,"column":28}},"loc":{"start":{"line":18,"column":76},"end":{"line":33,"column":1}}},"2":{"name":"(anonymous_3)","decl":{"start":{"line":35,"column":22},"end":{"line":35,"column":27}},"loc":{"start":{"line":35,"column":75},"end":{"line":50,"column":1}}},"3":{"name":"(anonymous_4)","decl":{"start":{"line":51,"column":21},"end":{"line":51,"column":26}},"loc":{"start":{"line":51,"column":74},"end":{"line":60,"column":1}}},"4":{"name":"(anonymous_5)","decl":{"start":{"line":62,"column":27},"end":{"line":62,"column":32}},"loc":{"start":{"line":65,"column":19},"end":{"line":85,"column":1}}},"5":{"name":"(anonymous_6)","decl":{"start":{"line":87,"column":22},"end":{"line":87,"column":27}},"loc":{"start":{"line":87,"column":75},"end":{"line":102,"column":1}}}},"branchMap":{"0":{"loc":{"start":{"line":25,"column":4},"end":{"line":28,"column":5}},"type":"if","locations":[{"start":{"line":25,"column":4},"end":{"line":28,"column":5}}]},"1":{"loc":{"start":{"line":42,"column":2},"end":{"line":45,"column":3}},"type":"if","locations":[{"start":{"line":42,"column":2},"end":{"line":45,"column":3}}]},"2":{"loc":{"start":{"line":74,"column":4},"end":{"line":77,"column":5}},"type":"if","locations":[{"start":{"line":74,"column":4},"end":{"line":77,"column":5}}]},"3":{"loc":{"start":{"line":92,"column":4},"end":{"line":95,"column":5}},"type":"if","locations":[{"start":{"line":92,"column":4},"end":{"line":95,"column":5}}]}},"s":{"0":2,"1":2,"2":1,"3":1,"4":1,"5":0,"6":2,"7":2,"8":3,"9":3,"10":3,"11":3,"12":3,"13":1,"14":1,"15":2,"16":0,"17":2,"18":2,"19":1,"20":1,"21":1,"22":1,"23":0,"24":0,"25":1,"26":1,"27":1,"28":2,"29":2,"30":1,"31":1,"32":1,"33":0,"34":0,"35":2,"36":2,"37":2,"38":2,"39":2,"40":2,"41":2,"42":1,"43":1,"44":1,"45":1,"46":1,"47":0,"48":2,"49":2,"50":2,"51":2,"52":2,"53":2,"54":2,"55":1,"56":1,"57":1,"58":1,"59":0,"60":2},"f":{"0":1,"1":3,"2":1,"3":1,"4":2,"5":2},"b":{"0":[1],"1":[0],"2":[1],"3":[1]}}
,"/home/victoralomia/Documentos/Curso-react-udemy/Product management/Server/src/middleware/index.ts": {"path":"/home/victoralomia/Documentos/Curso-react-udemy/Product management/Server/src/middleware/index.ts","statementMap":{"0":{"start":{"line":2,"column":0},"end":{"line":2,"column":60}},"1":{"start":{"line":5,"column":34},"end":{"line":28,"column":1}},"2":{"start":{"line":7,"column":2},"end":{"line":10,"column":14}},"3":{"start":{"line":12,"column":2},"end":{"line":17,"column":14}},"4":{"start":{"line":16,"column":21},"end":{"line":16,"column":30}},"5":{"start":{"line":20,"column":17},"end":{"line":20,"column":38}},"6":{"start":{"line":22,"column":2},"end":{"line":25,"column":3}},"7":{"start":{"line":23,"column":7},"end":{"line":23,"column":62}},"8":{"start":{"line":24,"column":4},"end":{"line":24,"column":10}},"9":{"start":{"line":27,"column":2},"end":{"line":27,"column":9}},"10":{"start":{"line":5,"column":13},"end":{"line":5,"column":34}},"11":{"start":{"line":30,"column":26},"end":{"line":39,"column":1}},"12":{"start":{"line":31,"column":7},"end":{"line":31,"column":null}},"13":{"start":{"line":32,"column":7},"end":{"line":32,"column":null}},"14":{"start":{"line":33,"column":19},"end":{"line":33,"column":40}},"15":{"start":{"line":34,"column":7},"end":{"line":37,"column":8}},"16":{"start":{"line":35,"column":8},"end":{"line":35,"column":null}},"17":{"start":{"line":36,"column":8},"end":{"line":36,"column":14}},"18":{"start":{"line":38,"column":7},"end":{"line":38,"column":null}},"19":{"start":{"line":30,"column":13},"end":{"line":30,"column":26}}},"fnMap":{"0":{"name":"(anonymous_0)","decl":{"start":{"line":5,"column":34},"end":{"line":5,"column":39}},"loc":{"start":{"line":5,"column":92},"end":{"line":28,"column":1}}},"1":{"name":"(anonymous_1)","decl":{"start":{"line":16,"column":12},"end":{"line":16,"column":17}},"loc":{"start":{"line":16,"column":21},"end":{"line":16,"column":30}}},"2":{"name":"(anonymous_2)","decl":{"start":{"line":30,"column":26},"end":{"line":30,"column":31}},"loc":{"start":{"line":30,"column":77},"end":{"line":39,"column":1}}}},"branchMap":{"0":{"loc":{"start":{"line":22,"column":2},"end":{"line":25,"column":3}},"type":"if","locations":[{"start":{"line":22,"column":2},"end":{"line":25,"column":3}}]},"1":{"loc":{"start":{"line":34,"column":7},"end":{"line":37,"column":8}},"type":"if","locations":[{"start":{"line":34,"column":7},"end":{"line":37,"column":8}}]}},"s":{"0":2,"1":2,"2":8,"3":8,"4":8,"5":8,"6":8,"7":6,"8":6,"9":2,"10":2,"11":2,"12":13,"13":13,"14":13,"15":13,"16":3,"17":3,"18":10,"19":2},"f":{"0":8,"1":8,"2":13},"b":{"0":[6],"1":[3]}}
,"/home/victoralomia/Documentos/Curso-react-udemy/Product management/Server/src/models/Product.models.ts": {"path":"/home/victoralomia/Documentos/Curso-react-udemy/Product management/Server/src/models/Product.models.ts","statementMap":{"0":{"start":{"line":1,"column":0},"end":{"line":1,"column":79}},"1":{"start":{"line":9,"column":0},"end":{"line":23,"column":null}},"2":{"start":{"line":13,"column":10},"end":{"line":13,"column":null}},"3":{"start":{"line":17,"column":10},"end":{"line":17,"column":null}},"4":{"start":{"line":22,"column":10},"end":{"line":22,"column":null}},"5":{"start":{"line":9,"column":6},"end":{"line":23,"column":null}},"6":{"start":{"line":25,"column":0},"end":{"line":25,"column":23}}},"fnMap":{},"branchMap":{},"s":{"0":3,"1":3,"2":3,"3":3,"4":3,"5":3,"6":3},"f":{},"b":{}}
}
