TN:
SF:src/router.ts
FNF:0
FNH:0
DA:1,2
DA:2,2
DA:10,2
DA:11,2
DA:14,2
DA:15,2
DA:16,2
DA:17,2
DA:18,2
DA:19,2
DA:21,2
LF:11
LH:11
BRF:0
BRH:0
end_of_record
TN:
SF:src/server.ts
FN:6,connectionDB
FN:21,(anonymous_2)
FNF:2
FNH:2
FNDA:3,connectionDB
FNDA:1,(anonymous_2)
DA:1,2
DA:2,2
DA:3,2
DA:6,2
DA:7,3
DA:8,3
DA:9,2
DA:11,1
DA:15,2
DA:16,2
DA:18,2
DA:19,2
DA:21,2
DA:22,1
DA:25,2
LF:15
LH:15
BRF:0
BRH:0
end_of_record
TN:
SF:src/config/settingDB.ts
FNF:0
FNH:0
DA:1,2
DA:2,2
DA:3,2
DA:4,2
DA:15,2
LF:5
LH:5
BRF:0
BRH:0
end_of_record
TN:
SF:src/handlers/product.ts
FN:5,(anonymous_1)
FN:18,(anonymous_2)
FN:35,(anonymous_3)
FN:51,(anonymous_4)
FN:62,(anonymous_5)
FN:87,(anonymous_6)
FNF:6
FNH:6
FNDA:1,(anonymous_1)
FNDA:3,(anonymous_2)
FNDA:1,(anonymous_3)
FNDA:1,(anonymous_4)
FNDA:2,(anonymous_5)
FNDA:2,(anonymous_6)
DA:2,2
DA:5,2
DA:6,1
DA:7,1
DA:12,1
DA:14,0
DA:18,2
DA:19,3
DA:20,3
DA:21,3
DA:22,3
DA:25,3
DA:26,1
DA:27,1
DA:29,2
DA:31,0
DA:35,2
DA:36,1
DA:37,1
DA:38,1
DA:42,1
DA:43,0
DA:44,0
DA:47,1
DA:48,1
DA:49,1
DA:51,2
DA:52,1
DA:54,1
DA:55,1
DA:57,0
DA:58,0
DA:62,2
DA:66,2
DA:67,2
DA:69,2
DA:70,2
DA:74,2
DA:75,1
DA:76,1
DA:79,1
DA:80,1
DA:81,1
DA:83,0
DA:87,2
DA:88,2
DA:89,2
DA:90,2
DA:91,2
DA:92,2
DA:93,1
DA:94,1
DA:97,1
DA:98,1
DA:100,0
DA:104,2
DA:105,2
DA:106,2
DA:107,2
DA:108,2
DA:109,2
LF:61
LH:53
BRDA:25,0,0,1
BRDA:42,1,0,0
BRDA:74,2,0,1
BRDA:92,3,0,1
BRF:4
BRH:3
end_of_record
TN:
SF:src/middleware/index.ts
FN:5,(anonymous_0)
FN:16,(anonymous_1)
FN:30,(anonymous_2)
FNF:3
FNH:3
FNDA:8,(anonymous_0)
FNDA:8,(anonymous_1)
FNDA:13,(anonymous_2)
DA:2,2
DA:5,2
DA:7,8
DA:12,8
DA:16,8
DA:20,8
DA:22,8
DA:23,6
DA:24,6
DA:27,2
DA:30,2
DA:31,13
DA:32,13
DA:33,13
DA:34,13
DA:35,3
DA:36,3
DA:38,10
LF:18
LH:18
BRDA:22,0,0,6
BRDA:34,1,0,3
BRF:2
BRH:2
end_of_record
TN:
SF:src/models/Product.models.ts
FNF:0
FNH:0
DA:1,3
DA:9,3
DA:13,3
DA:17,3
DA:22,3
DA:25,3
LF:6
LH:6
BRF:0
BRH:0
end_of_record
